<?xml version="1.0" encoding="UTF-8"?>
<testng-results ignored="0" total="12" passed="11" failed="1" skipped="0">
  <reporter-output>
  </reporter-output>
  <suite started-at="2023-07-24T15:32:29 IST" name="Practice Suite" finished-at="2023-07-24T15:33:22 IST" duration-ms="53500">
    <groups>
    </groups>
    <test started-at="2023-07-24T15:32:29 IST" name="Test Basics 1" finished-at="2023-07-24T15:33:22 IST" duration-ms="53500">
      <class name="com.org.tests.overviewtest">
        <test-method signature="validatesettings()[pri:3, instance:com.org.tests.overviewtest@4c583ecf]" started-at="2023-07-24T15:32:37 IST" name="validatesettings" finished-at="2023-07-24T15:32:40 IST" duration-ms="3077" status="PASS">
          <reporter-output>
          </reporter-output>
        </test-method> <!-- validatesettings -->
        <test-method signature="validatechngepassword()[pri:4, instance:com.org.tests.overviewtest@4c583ecf]" started-at="2023-07-24T15:32:40 IST" name="validatechngepassword" finished-at="2023-07-24T15:32:43 IST" duration-ms="3101" status="PASS">
          <reporter-output>
          </reporter-output>
        </test-method> <!-- validatechngepassword -->
        <test-method signature="validateoverview()[pri:5, instance:com.org.tests.overviewtest@4c583ecf]" started-at="2023-07-24T15:32:43 IST" name="validateoverview" finished-at="2023-07-24T15:32:46 IST" duration-ms="3256" status="PASS">
          <reporter-output>
          </reporter-output>
        </test-method> <!-- validateoverview -->
        <test-method signature="validatelearncoach()[pri:6, instance:com.org.tests.overviewtest@4c583ecf]" started-at="2023-07-24T15:32:46 IST" name="validatelearncoach" finished-at="2023-07-24T15:32:49 IST" duration-ms="3204" status="PASS">
          <reporter-output>
          </reporter-output>
        </test-method> <!-- validatelearncoach -->
        <test-method signature="validateneil()[pri:7, instance:com.org.tests.overviewtest@4c583ecf]" started-at="2023-07-24T15:32:49 IST" name="validateneil" finished-at="2023-07-24T15:32:54 IST" duration-ms="5140" status="PASS">
          <reporter-output>
          </reporter-output>
        </test-method> <!-- validateneil -->
        <test-method signature="validateprompt()[pri:8, instance:com.org.tests.overviewtest@4c583ecf]" started-at="2023-07-24T15:32:54 IST" name="validateprompt" finished-at="2023-07-24T15:32:58 IST" duration-ms="3913" status="PASS">
          <reporter-output>
          </reporter-output>
        </test-method> <!-- validateprompt -->
        <test-method signature="validatesendchat()[pri:9, instance:com.org.tests.overviewtest@4c583ecf]" started-at="2023-07-24T15:32:58 IST" name="validatesendchat" finished-at="2023-07-24T15:32:58 IST" duration-ms="96" status="PASS">
          <reporter-output>
          </reporter-output>
        </test-method> <!-- validatesendchat -->
        <test-method signature="validatesendone()[pri:10, instance:com.org.tests.overviewtest@4c583ecf]" started-at="2023-07-24T15:32:58 IST" name="validatesendone" finished-at="2023-07-24T15:33:07 IST" duration-ms="8523" status="PASS">
          <reporter-output>
          </reporter-output>
        </test-method> <!-- validatesendone -->
        <test-method signature="validatePromptone()[pri:11, instance:com.org.tests.overviewtest@4c583ecf]" started-at="2023-07-24T15:33:07 IST" name="validatePromptone" finished-at="2023-07-24T15:33:22 IST" duration-ms="15053" status="FAIL">
          <exception class="org.openqa.selenium.NoSuchElementException">
            <message>
              <![CDATA[no such element: Unable to locate element: {"method":"xpath","selector":"//button[@class='qus_submit text_enable']"}
  (Session info: chrome=114.0.5735.199)
For documentation on this error, please visit: https://www.selenium.dev/documentation/webdriver/troubleshooting/errors#no-such-element-exception
Build info: version: '4.10.0', revision: 'c14d967899'
System info: os.name: 'Windows 11', os.arch: 'amd64', os.version: '10.0', java.version: '17.0.5'
Driver info: org.openqa.selenium.chrome.ChromeDriver
Command: [98118c42d2d8c3a77336621d73860892, findElement {using=xpath, value=//button[@class='qus_submit text_enable']}]
Capabilities {acceptInsecureCerts: false, browserName: chrome, browserVersion: 114.0.5735.199, chrome: {chromedriverVersion: 114.0.5735.90 (386bc09e8f4f..., userDataDir: C:\Users\neeraj\AppData\Loc...}, goog:chromeOptions: {debuggerAddress: localhost:58391}, networkConnectionEnabled: false, pageLoadStrategy: normal, platformName: windows, proxy: Proxy(), se:cdp: ws://localhost:58391/devtoo..., se:cdpVersion: 114.0.5735.199, setWindowRect: true, strictFileInteractability: false, timeouts: {implicit: 0, pageLoad: 300000, script: 30000}, unhandledPromptBehavior: dismiss and notify, webauthn:extension:credBlob: true, webauthn:extension:largeBlob: true, webauthn:extension:minPinLength: true, webauthn:extension:prf: true, webauthn:virtualAuthenticators: true}
Session ID: 98118c42d2d8c3a77336621d73860892]]>
            </message>
            <full-stacktrace>
              <![CDATA[org.openqa.selenium.NoSuchElementException: no such element: Unable to locate element: {"method":"xpath","selector":"//button[@class='qus_submit text_enable']"}
  (Session info: chrome=114.0.5735.199)
For documentation on this error, please visit: https://www.selenium.dev/documentation/webdriver/troubleshooting/errors#no-such-element-exception
Build info: version: '4.10.0', revision: 'c14d967899'
System info: os.name: 'Windows 11', os.arch: 'amd64', os.version: '10.0', java.version: '17.0.5'
Driver info: org.openqa.selenium.chrome.ChromeDriver
Command: [98118c42d2d8c3a77336621d73860892, findElement {using=xpath, value=//button[@class='qus_submit text_enable']}]
Capabilities {acceptInsecureCerts: false, browserName: chrome, browserVersion: 114.0.5735.199, chrome: {chromedriverVersion: 114.0.5735.90 (386bc09e8f4f..., userDataDir: C:\Users\neeraj\AppData\Loc...}, goog:chromeOptions: {debuggerAddress: localhost:58391}, networkConnectionEnabled: false, pageLoadStrategy: normal, platformName: windows, proxy: Proxy(), se:cdp: ws://localhost:58391/devtoo..., se:cdpVersion: 114.0.5735.199, setWindowRect: true, strictFileInteractability: false, timeouts: {implicit: 0, pageLoad: 300000, script: 30000}, unhandledPromptBehavior: dismiss and notify, webauthn:extension:credBlob: true, webauthn:extension:largeBlob: true, webauthn:extension:minPinLength: true, webauthn:extension:prf: true, webauthn:virtualAuthenticators: true}
Session ID: 98118c42d2d8c3a77336621d73860892
at java.base/jdk.internal.reflect.NativeConstructorAccessorImpl.newInstance0(Native Method)
at java.base/jdk.internal.reflect.NativeConstructorAccessorImpl.newInstance(NativeConstructorAccessorImpl.java:77)
at java.base/jdk.internal.reflect.DelegatingConstructorAccessorImpl.newInstance(DelegatingConstructorAccessorImpl.java:45)
at java.base/java.lang.reflect.Constructor.newInstanceWithCaller(Constructor.java:499)
at java.base/java.lang.reflect.Constructor.newInstance(Constructor.java:480)
at org.openqa.selenium.remote.codec.w3c.W3CHttpResponseCodec.createException(W3CHttpResponseCodec.java:199)
at org.openqa.selenium.remote.codec.w3c.W3CHttpResponseCodec.decode(W3CHttpResponseCodec.java:132)
at org.openqa.selenium.remote.codec.w3c.W3CHttpResponseCodec.decode(W3CHttpResponseCodec.java:51)
at org.openqa.selenium.remote.HttpCommandExecutor.execute(HttpCommandExecutor.java:191)
at org.openqa.selenium.remote.service.DriverCommandExecutor.invokeExecute(DriverCommandExecutor.java:196)
at org.openqa.selenium.remote.service.DriverCommandExecutor.execute(DriverCommandExecutor.java:171)
at org.openqa.selenium.remote.RemoteWebDriver.execute(RemoteWebDriver.java:531)
at org.openqa.selenium.remote.ElementLocation$ElementFinder$2.findElement(ElementLocation.java:165)
at org.openqa.selenium.remote.ElementLocation.findElement(ElementLocation.java:59)
at org.openqa.selenium.remote.RemoteWebDriver.findElement(RemoteWebDriver.java:350)
at org.openqa.selenium.remote.RemoteWebDriver.findElement(RemoteWebDriver.java:344)
at com.org.pages.settingspage.getPromptone(settingspage.java:77)
at com.org.tests.overviewtest.validatePromptone(overviewtest.java:64)
at java.base/jdk.internal.reflect.NativeMethodAccessorImpl.invoke0(Native Method)
at java.base/jdk.internal.reflect.NativeMethodAccessorImpl.invoke(NativeMethodAccessorImpl.java:77)
at java.base/jdk.internal.reflect.DelegatingMethodAccessorImpl.invoke(DelegatingMethodAccessorImpl.java:43)
at java.base/java.lang.reflect.Method.invoke(Method.java:568)
at org.testng.internal.invokers.MethodInvocationHelper.invokeMethod(MethodInvocationHelper.java:139)
at org.testng.internal.invokers.TestInvoker.invokeMethod(TestInvoker.java:677)
at org.testng.internal.invokers.TestInvoker.invokeTestMethod(TestInvoker.java:221)
at org.testng.internal.invokers.MethodRunner.runInSequence(MethodRunner.java:50)
at org.testng.internal.invokers.TestInvoker$MethodInvocationAgent.invoke(TestInvoker.java:969)
at org.testng.internal.invokers.TestInvoker.invokeTestMethods(TestInvoker.java:194)
at org.testng.internal.invokers.TestMethodWorker.invokeTestMethods(TestMethodWorker.java:148)
at org.testng.internal.invokers.TestMethodWorker.run(TestMethodWorker.java:128)
at java.base/java.util.ArrayList.forEach(ArrayList.java:1511)
at org.testng.TestRunner.privateRun(TestRunner.java:829)
at org.testng.TestRunner.run(TestRunner.java:602)
at org.testng.SuiteRunner.runTest(SuiteRunner.java:437)
at org.testng.SuiteRunner.runSequentially(SuiteRunner.java:431)
at org.testng.SuiteRunner.privateRun(SuiteRunner.java:391)
at org.testng.SuiteRunner.run(SuiteRunner.java:330)
at org.testng.SuiteRunnerWorker.runSuite(SuiteRunnerWorker.java:52)
at org.testng.SuiteRunnerWorker.run(SuiteRunnerWorker.java:95)
at org.testng.TestNG.runSuitesSequentially(TestNG.java:1256)
at org.testng.TestNG.runSuitesLocally(TestNG.java:1176)
at org.testng.TestNG.runSuites(TestNG.java:1099)
at org.testng.TestNG.run(TestNG.java:1067)
at org.testng.remote.AbstractRemoteTestNG.run(AbstractRemoteTestNG.java:115)
at org.testng.remote.RemoteTestNG.initAndRun(RemoteTestNG.java:251)
at org.testng.remote.RemoteTestNG.main(RemoteTestNG.java:77)
]]>
            </full-stacktrace>
          </exception> <!-- org.openqa.selenium.NoSuchElementException -->
          <reporter-output>
          </reporter-output>
        </test-method> <!-- validatePromptone -->
      </class> <!-- com.org.tests.overviewtest -->
      <class name="com.org.tests.Loginpagetest">
        <test-method is-config="true" signature="openbrowser()[pri:0, instance:com.org.tests.Loginpagetest@368f2016]" started-at="2023-07-24T15:32:29 IST" name="openbrowser" finished-at="2023-07-24T15:32:35 IST" duration-ms="6867" status="PASS">
          <reporter-output>
          </reporter-output>
        </test-method> <!-- openbrowser -->
        <test-method signature="validatelogintest()[pri:0, instance:com.org.tests.Loginpagetest@368f2016]" started-at="2023-07-24T15:32:35 IST" name="validatelogintest" finished-at="2023-07-24T15:32:36 IST" duration-ms="912" status="PASS">
          <reporter-output>
          </reporter-output>
        </test-method> <!-- validatelogintest -->
        <test-method signature="validatepassword()[pri:1, instance:com.org.tests.Loginpagetest@368f2016]" started-at="2023-07-24T15:32:36 IST" name="validatepassword" finished-at="2023-07-24T15:32:37 IST" duration-ms="134" status="PASS">
          <reporter-output>
          </reporter-output>
        </test-method> <!-- validatepassword -->
        <test-method signature="validatebutton()[pri:2, instance:com.org.tests.Loginpagetest@368f2016]" started-at="2023-07-24T15:32:37 IST" name="validatebutton" finished-at="2023-07-24T15:32:37 IST" duration-ms="93" status="PASS">
          <reporter-output>
          </reporter-output>
        </test-method> <!-- validatebutton -->
      </class> <!-- com.org.tests.Loginpagetest -->
    </test> <!-- Test Basics 1 -->
  </suite> <!-- Practice Suite -->
</testng-results>
